2015-12-29 23:30:20.046  WARN 77849 --- [ jmsContainer-1] c.a.icatch.imp.TransactionServiceImp     : Attempt to create a transaction with a timeout that exceeds com.atomikos.icatch.max_timeout - truncating to: 300000
2015-12-29 23:30:20.046  INFO 77849 --- [ jmsContainer-1] c.a.icatch.imp.BaseTransactionManager    : createCompositeTransaction ( 10000000 ): created new ROOT transaction with id 192.168.1.156.tm0000600014
2015-12-29 23:30:20.046  INFO 77849 --- [ jmsContainer-1] c.a.jms.AtomikosConnectionFactoryBean    : AtomikosConnectionFactoryBean 'xamq': createConnection()...
2015-12-29 23:30:20.046  INFO 77849 --- [ jmsContainer-1] c.a.jms.AtomikosConnectionFactoryBean    : AtomikosConnectionFactoryBean 'xamq': init...
2015-12-29 23:30:20.047  INFO 77849 --- [ jmsContainer-1] c.a.jms.AtomikosJmsConnectionProxy       : atomikos connection proxy for resource xamq: creating XA-capable session...
2015-12-29 23:30:20.047  INFO 77849 --- [ jmsContainer-1] c.a.jms.AtomikosJmsConnectionProxy       : atomikos connection proxy for resource xamq: calling hashCode on JMS driver...
2015-12-29 23:30:20.047  INFO 77849 --- [ jmsContainer-1] c.a.jms.AtomikosJmsConnectionProxy       : atomikos connection proxy for resource xamq: calling hashCode on JMS driver...
2015-12-29 23:30:20.047  INFO 77849 --- [ jmsContainer-1] c.a.jms.AtomikosJmsConnectionProxy       : atomikos connection proxy for resource xamq: calling start on JMS driver...
2015-12-29 23:30:20.047  INFO 77849 --- [ jmsContainer-1] c.a.jms.AtomikosJmsXaSessionProxy        : atomikos xa session proxy for resource xamq: calling createConsumer on JMS driver session ActiveMQSession {id=ID:NikhilCappasMBP.fios-router.home-54727-1451449814796-1:2:12,started=true} java.lang.Object@428502da
2015-12-29 23:30:20.048  INFO 77849 --- [ jmsContainer-1] c.a.jms.AtomikosJmsMessageConsumerProxy  : atomikos MessageConsumer proxy for ActiveMQMessageConsumer { value=ID:NikhilCappasMBP.fios-router.home-54727-1451449814796-1:2:12:1, started=true }: receive ( 1000 )...
2015-12-29 23:30:20.049  INFO 77849 --- [ jmsContainer-1] c.a.jms.AtomikosJmsMessageConsumerProxy  : atomikos MessageConsumer proxy for ActiveMQMessageConsumer { value=ID:NikhilCappasMBP.fios-router.home-54727-1451449814796-1:2:12:1, started=true }: receive ( 1000 , null )...
2015-12-29 23:30:20.049  INFO 77849 --- [ jmsContainer-1] c.a.icatch.imp.CompositeTransactionImp   : registerSynchronization ( com.atomikos.jms.ConsumerProducerSupport$JmsRequeueSynchronization@54e098e ) for transaction 192.168.1.156.tm0000600014
2015-12-29 23:30:20.049  INFO 77849 --- [ jmsContainer-1] c.a.icatch.imp.CompositeTransactionImp   : addParticipant ( XAResourceTransaction: 3139322E3136382E312E3135362E746D30303030363030303134:3139322E3136382E312E3135362E746D36 ) for transaction 192.168.1.156.tm0000600014
2015-12-29 23:30:20.049  INFO 77849 --- [ jmsContainer-1] c.a.datasource.xa.XAResourceTransaction  : XAResource.start ( 3139322E3136382E312E3135362E746D30303030363030303134:3139322E3136382E312E3135362E746D36 , XAResource.TMNOFLAGS ) on resource xamq represented by XAResource instance TransactionContext{transactionId=null,connection=ActiveMQConnection {id=ID:NikhilCappasMBP.fios-router.home-54727-1451449814796-1:2,clientId=ID:NikhilCappasMBP.fios-router.home-54727-1451449814796-0:2,started=true}}
2015-12-29 23:30:23.962  INFO 77849 --- [ jmsContainer-1] i.pivotal.jms.core.TradeMessageListener  : Received Message
2015-12-29 23:32:01.676  INFO 77849 --- [ jmsContainer-1] c.a.icatch.imp.CompositeTransactionImp   : registerSynchronization ( com.atomikos.icatch.jta.Sync2Sync@53436b96 ) for transaction 192.168.1.156.tm0000600014
2015-12-29 23:32:01.734  INFO 77849 --- [ jmsContainer-1] c.atomikos.jdbc.AbstractDataSourceBean   : AtomikosDataSoureBean 'xads1': getConnection ( null )...
2015-12-29 23:32:01.735  INFO 77849 --- [ jmsContainer-1] c.atomikos.jdbc.AbstractDataSourceBean   : AtomikosDataSoureBean 'xads1': init...
2015-12-29 23:32:02.173  INFO 77849 --- [ jmsContainer-1] c.a.icatch.imp.CompositeTransactionImp   : addParticipant ( XAResourceTransaction: 3139322E3136382E312E3135362E746D30303030363030303134:3139322E3136382E312E3135362E746D37 ) for transaction 192.168.1.156.tm0000600014
2015-12-29 23:32:02.174  INFO 77849 --- [ jmsContainer-1] c.a.datasource.xa.XAResourceTransaction  : XAResource.start ( 3139322E3136382E312E3135362E746D30303030363030303134:3139322E3136382E312E3135362E746D37 , XAResource.TMNOFLAGS ) on resource xads1 represented by XAResource instance com.mysql.jdbc.jdbc2.optional.JDBC4SuspendableXAConnection@583fe7be
2015-12-29 23:32:02.178  INFO 77849 --- [ jmsContainer-1] c.a.icatch.imp.CompositeTransactionImp   : registerSynchronization ( com.atomikos.jdbc.AtomikosConnectionProxy$JdbcRequeueSynchronization@54e098e ) for transaction 192.168.1.156.tm0000600014
2015-12-29 23:32:02.179  INFO 77849 --- [ jmsContainer-1] c.atomikos.jdbc.AtomikosConnectionProxy  : atomikos connection proxy for com.mysql.jdbc.jdbc2.optional.JDBC4ConnectionWrapper@68b734a8: calling prepareStatement(select tradedata0_.id as id1_0_0_, tradedata0_.amount as amount2_0_0_, tradedata0_.quantity as quantity3_0_0_, tradedata0_.symbol as symbol4_0_0_ from trade tradedata0_ where tradedata0_.id=?)...
2015-12-29 23:32:02.284  INFO 77849 --- [ jmsContainer-1] c.atomikos.jdbc.AtomikosConnectionProxy  : atomikos connection proxy for com.mysql.jdbc.jdbc2.optional.JDBC4ConnectionWrapper@68b734a8: isClosed()...
2015-12-29 23:32:02.285  INFO 77849 --- [ jmsContainer-1] c.atomikos.jdbc.AtomikosConnectionProxy  : atomikos connection proxy for com.mysql.jdbc.jdbc2.optional.JDBC4ConnectionWrapper@68b734a8: calling getWarnings...
2015-12-29 23:32:02.285  INFO 77849 --- [ jmsContainer-1] c.atomikos.jdbc.AtomikosConnectionProxy  : atomikos connection proxy for com.mysql.jdbc.jdbc2.optional.JDBC4ConnectionWrapper@68b734a8: calling clearWarnings...
2015-12-29 23:32:02.286  INFO 77849 --- [ jmsContainer-1] c.atomikos.jdbc.AtomikosConnectionProxy  : atomikos connection proxy for com.mysql.jdbc.jdbc2.optional.JDBC4ConnectionWrapper@68b734a8: close()...
2015-12-29 23:32:02.286  INFO 77849 --- [ jmsContainer-1] c.a.datasource.xa.XAResourceTransaction  : XAResource.end ( 3139322E3136382E312E3135362E746D30303030363030303134:3139322E3136382E312E3135362E746D37 , XAResource.TMSUCCESS ) on resource xads1 represented by XAResource instance com.mysql.jdbc.jdbc2.optional.JDBC4SuspendableXAConnection@583fe7be
2015-12-29 23:32:34.923  INFO 77849 --- [ jmsContainer-1] c.a.icatch.imp.BaseTransactionManager    : createCompositeTransaction ( 10000000 )
2015-12-29 23:32:34.925  INFO 77849 --- [ jmsContainer-1] c.a.icatch.imp.CompositeTransactionImp   : createSubTransaction(): created new SUBTRANSACTION 192.168.1.156.tm0000700014 for existing transaction 192.168.1.156.tm0000600014
[info 2015/12/29 23:32:45.830 EST <jmsContainer-1> tid=0x4a] Auto serializer generating type for class io.pivotal.domain.TradeData for fields:
    id: private java.lang.String io.pivotal.domain.TradeData.id
    symbol: private java.lang.String io.pivotal.domain.TradeData.symbol
    quantity: private java.lang.Integer io.pivotal.domain.TradeData.quantity
    amount: private java.lang.Double io.pivotal.domain.TradeData.amount


[info 2015/12/29 23:32:45.854 EST <jmsContainer-1> tid=0x4a] Initializing region _B__trade_98

[info 2015/12/29 23:32:45.855 EST <jmsContainer-1> tid=0x4a] Initialization of region _B__trade_98 completed

2015-12-29 23:32:54.357  INFO 77849 --- [ jmsContainer-1] c.a.icatch.imp.CompositeTransactionImp   : commit() done (by application) of transaction 192.168.1.156.tm0000700014
2015-12-29 23:33:03.205  INFO 77849 --- [ jmsContainer-1] c.a.jms.AtomikosJmsXaSessionProxy        : atomikos xa session proxy for resource xamq: calling getTransacted on JMS driver session...
2015-12-29 23:33:03.205  INFO 77849 --- [ jmsContainer-1] c.a.jms.AtomikosJmsMessageConsumerProxy  : atomikos MessageConsumer proxy for ActiveMQMessageConsumer { value=ID:NikhilCappasMBP.fios-router.home-54727-1451449814796-1:2:12:1, started=true }: close...
2015-12-29 23:33:03.206  INFO 77849 --- [ jmsContainer-1] c.a.datasource.xa.XAResourceTransaction  : XAResource.end ( 3139322E3136382E312E3135362E746D30303030363030303134:3139322E3136382E312E3135362E746D36 , XAResource.TMSUCCESS ) on resource xamq represented by XAResource instance TransactionContext{transactionId=XID:[1096044365,globalId=3139322e3136382e312e3135362e746d30303030363030303134,branchId=3139322e3136382e312e3135362e746d36],connection=ActiveMQConnection {id=ID:NikhilCappasMBP.fios-router.home-54727-1451449814796-1:2,clientId=ID:NikhilCappasMBP.fios-router.home-54727-1451449814796-0:2,started=true}}
2015-12-29 23:33:03.210  INFO 77849 --- [ jmsContainer-1] c.a.jms.AtomikosJmsXaSessionProxy        : atomikos xa session proxy for resource xamq: closing session atomikos xa session proxy for resource xamq - is terminated ? false
2015-12-29 23:33:03.210  INFO 77849 --- [ jmsContainer-1] c.a.jms.AtomikosJmsConnectionProxy       : atomikos connection proxy for resource xamq: close()...
2015-12-29 23:33:03.216  INFO 77849 --- [ jmsContainer-1] com.atomikos.icatch.jta.Sync2Sync        : beforeCompletion() called on Synchronization: org.hibernate.engine.transaction.synchronization.internal.RegisteredSynchronization@442862f5
2015-12-29 23:33:03.217  INFO 77849 --- [ jmsContainer-1] c.a.icatch.imp.CompositeTransactionImp   : commit() done (by application) of transaction 192.168.1.156.tm0000600014
2015-12-29 23:33:03.218  INFO 77849 --- [ jmsContainer-1] c.a.datasource.xa.XAResourceTransaction  : XAResource.prepare ( 3139322E3136382E312E3135362E746D30303030363030303134:3139322E3136382E312E3135362E746D36 ) returning OK on resource xamq represented by XAResource instance TransactionContext{transactionId=null,connection=ActiveMQConnection {id=ID:NikhilCappasMBP.fios-router.home-54727-1451449814796-1:2,clientId=ID:NikhilCappasMBP.fios-router.home-54727-1451449814796-0:2,started=true}}
2015-12-29 23:33:03.218  INFO 77849 --- [ jmsContainer-1] c.a.datasource.xa.XAResourceTransaction  : XAResource.prepare ( 3139322E3136382E312E3135362E746D30303030363030303134:3139322E3136382E312E3135362E746D37 ) returning OK on resource xads1 represented by XAResource instance com.mysql.jdbc.jdbc2.optional.JDBC4SuspendableXAConnection@583fe7be
2015-12-29 23:33:03.220  INFO 77849 --- [ jmsContainer-1] c.a.datasource.xa.XAResourceTransaction  : XAResource.commit ( 3139322E3136382E312E3135362E746D30303030363030303134:3139322E3136382E312E3135362E746D36 , false ) on resource xamq represented by XAResource instance TransactionContext{transactionId=null,connection=ActiveMQConnection {id=ID:NikhilCappasMBP.fios-router.home-54727-1451449814796-1:2,clientId=ID:NikhilCappasMBP.fios-router.home-54727-1451449814796-0:2,started=true}}
2015-12-29 23:33:03.221  INFO 77849 --- [ jmsContainer-1] c.a.datasource.xa.XAResourceTransaction  : XAResource.commit ( 3139322E3136382E312E3135362E746D30303030363030303134:3139322E3136382E312E3135362E746D37 , false ) on resource xads1 represented by XAResource instance com.mysql.jdbc.jdbc2.optional.JDBC4SuspendableXAConnection@583fe7be
2015-12-29 23:33:03.222  INFO 77849 --- [ jmsContainer-1] com.atomikos.icatch.jta.Sync2Sync        : afterCompletion ( STATUS_COMMITTED ) called  on Synchronization: org.hibernate.engine.transaction.synchronization.internal.RegisteredSynchronization@442862f5